<?xml version="1.0" encoding="UTF-8"?>
<testsuite xmlns:xsi="http://www.w3.org/2001/XMLSchema-instance" xsi:noNamespaceSchemaLocation="https://maven.apache.org/surefire/maven-surefire-plugin/xsd/surefire-test-report.xsd" name="com.toolStore.CheckoutTest" time="0.047" tests="7" errors="0" skipped="0" failures="0">
  <properties>
[...]
</properties>
  <testcase name="shouldCreateReportWithCorrectValues_test2" classname="com.toolStore.CheckoutTest" time="0.033"/>
  <testcase name="shouldCreateReportWithCorrectValues_test3" classname="com.toolStore.CheckoutTest" time="0.001"/>
  <testcase name="shouldCreateReportWithCorrectValues_test4" classname="com.toolStore.CheckoutTest" time="0.002"/>
  <testcase name="shouldCreateReportWithCorrectValues_test5" classname="com.toolStore.CheckoutTest" time="0.002"/>
  <testcase name="shouldCreateReportWithCorrectValues_test6" classname="com.toolStore.CheckoutTest" time="0.002"/>
  <testcase name="shouldThrowExceptionWhenDiscountIsMoreThan100_test1" classname="com.toolStore.CheckoutTest" time="0.002"/>
  <testcase name="shouldThrowExceptionWhenRentalDaysIsLessThan1" classname="com.toolStore.CheckoutTest" time="0.001"/>
</testsuite>